Using pre-set license
Built from '2020.3/staging' branch; Version is '2020.3.13f1 (71691879b7f5) revision 7432472'; Using compiler version '192528614'; Build Type 'Release'
OS: 'Windows 10 Home; OS build 19043.1645; Version 2009; 64bit' Language: 'en' Physical Memory: 7880 MB
BatchMode: 1, IsHumanControllingUs: 0, StartBugReporterOnCrash: 0, Is64bit: 1, IsPro: 0

 COMMAND LINE ARGUMENTS:
C:\Program Files\Unity\Hub\Editor\2020.3.13f1\Editor\Unity.exe
-adb2
-batchMode
-noUpm
-name
AssetImportWorker1
-projectPath
C:/Users/novak/OneDrive/Desktop/Achilleus Rex/Achilleus-Rex/AchilleusRex3
-logFile
Logs/AssetImportWorker1.log
-srvPort
65451
Successfully changed project path to: C:/Users/novak/OneDrive/Desktop/Achilleus Rex/Achilleus-Rex/AchilleusRex3
C:/Users/novak/OneDrive/Desktop/Achilleus Rex/Achilleus-Rex/AchilleusRex3
Using Asset Import Pipeline V2.
Refreshing native plugins compatible for Editor in 69.32 ms, found 2 plugins.
Preloading 0 native plugins for Editor in 0.00 ms.
Initialize engine version: 2020.3.13f1 (71691879b7f5)
[Subsystems] Discovering subsystems at path C:/Program Files/Unity/Hub/Editor/2020.3.13f1/Editor/Data/Resources/UnitySubsystems
[Subsystems] Discovering subsystems at path C:/Users/novak/OneDrive/Desktop/Achilleus Rex/Achilleus-Rex/AchilleusRex3/Assets
GfxDevice: creating device client; threaded=0
Direct3D:
    Version:  Direct3D 11.0 [level 11.1]
    Renderer: Intel(R) Iris(R) Plus Graphics (ID=0x8a52)
    Vendor:   
    VRAM:     3940 MB
    Driver:   26.20.100.7926
Initialize mono
Mono path[0] = 'C:/Program Files/Unity/Hub/Editor/2020.3.13f1/Editor/Data/Managed'
Mono path[1] = 'C:/Program Files/Unity/Hub/Editor/2020.3.13f1/Editor/Data/MonoBleedingEdge/lib/mono/unityjit'
Mono config path = 'C:/Program Files/Unity/Hub/Editor/2020.3.13f1/Editor/Data/MonoBleedingEdge/etc'
Using monoOptions --debugger-agent=transport=dt_socket,embedding=1,server=y,suspend=n,address=127.0.0.1:56488
Begin MonoManager ReloadAssembly
Registering precompiled unity dll's ...
Register platform support module: C:/Program Files/Unity/Hub/Editor/2020.3.13f1/Editor/Data/PlaybackEngines/WindowsStandaloneSupport/UnityEditor.WindowsStandalone.Extensions.dll
Registered in 0.002597 seconds.
Native extension for WindowsStandalone target not found
Refreshing native plugins compatible for Editor in 69.80 ms, found 2 plugins.
Preloading 0 native plugins for Editor in 0.00 ms.
Mono: successfully reloaded assembly
- Completed reload, in  1.663 seconds
Platform modules already initialized, skipping
Registering precompiled user dll's ...
Registered in 0.005384 seconds.
Begin MonoManager ReloadAssembly
Native extension for WindowsStandalone target not found
Refreshing native plugins compatible for Editor in 89.07 ms, found 2 plugins.
Preloading 0 native plugins for Editor in 0.00 ms.
Mono: successfully reloaded assembly
- Completed reload, in 13.017 seconds
Platform modules already initialized, skipping
========================================================================
Worker process is ready to serve import requests
Launched and connected shader compiler UnityShaderCompiler.exe after 0.07 seconds
Refreshing native plugins compatible for Editor in 0.75 ms, found 2 plugins.
Preloading 0 native plugins for Editor in 0.00 ms.
Unloading 2087 Unused Serialized files (Serialized files now loaded: 0)
System memory in use before: 94.8 MB.
System memory in use after: 94.9 MB.

Unloading 21 unused Assets to reduce memory usage. Loaded Objects now: 2522.
Total: 4.797800 ms (FindLiveObjects: 0.195600 ms CreateObjectMapping: 0.070800 ms MarkObjects: 4.435100 ms  DeleteObjects: 0.093000 ms)

AssetImportParameters requested are different than current active one (requested -> active):
  custom:framework-win-MediaFoundation: 216162199b28c13a410421893ffa2e32 -> 
  custom:video-decoder-ogg-theora: a1e56fd34408186e4bbccfd4996cb3dc -> 
  custom:container-muxer-webm: aa71ff27fc2769a1b78a27578f13a17b -> 
  custom:container-demuxer-webm: 4f35f7cbe854078d1ac9338744f61a02 -> 
  custom:container-demuxer-ogg: 62fdf1f143b41e24485cea50d1cbac27 -> 
  custom:video-encoder-webm-vp8: eb34c28f22e8b96e1ab97ce403110664 -> 
  custom:video-decoder-webm-vp8: 9c59270c3fd7afecdb556c50c9e8de78 -> 
  custom:audio-decoder-ogg-vorbis: bf7c407c2cedff20999df2af8eb42d56 -> 
  custom:audio-encoder-webm-vorbis: bf7c407c2cedff20999df2af8eb42d56 -> 
========================================================================
Received Import Request.
  path: Assets/paladin_j_nordstrom@Jump.fbx
  artifactKey: Guid(3888a364cde700e4abecf3e68ab73de6) Importer(815301076,1909f56bfc062723c751e8b465ee728b)
Start importing Assets/paladin_j_nordstrom@Jump.fbx using Guid(3888a364cde700e4abecf3e68ab73de6) Importer(815301076,1909f56bfc062723c751e8b465ee728b)  -> (artifact id: '46b479b1aac6b1fc31e934bba75819d9') in 1.302707 seconds 
  Import took 1.310658 seconds .

========================================================================
Received Import Request.
  Time since last request: 0.000322 seconds.
  path: Assets/PlayerInput.inputactions
  artifactKey: Guid(7267e5448d666754e95858bd822265b4) Importer(815301076,1909f56bfc062723c751e8b465ee728b)
Start importing Assets/PlayerInput.inputactions using Guid(7267e5448d666754e95858bd822265b4) Importer(815301076,1909f56bfc062723c751e8b465ee728b)  -> (artifact id: 'e06f8dda36303a83ccb981cb04a6b30d') in 0.073827 seconds 
  Import took 0.086670 seconds .

========================================================================
Received Import Request.
  Time since last request: 0.001393 seconds.
  path: Assets/paladin_j_nordstrom@Jumping.fbx
  artifactKey: Guid(2d8b8c45359e51e4fa6be1e8b470ebc9) Importer(815301076,1909f56bfc062723c751e8b465ee728b)
Start importing Assets/paladin_j_nordstrom@Jumping.fbx using Guid(2d8b8c45359e51e4fa6be1e8b470ebc9) Importer(815301076,1909f56bfc062723c751e8b465ee728b)  -> (artifact id: 'c769b2a0d2ba7bd6ffe05b2e89d4e4f1') in 0.168360 seconds 
  Import took 0.186574 seconds .

========================================================================
Received Import Request.
  Time since last request: 0.000312 seconds.
  path: Assets/paladin_j_nordstrom@Standard Walk.fbx
  artifactKey: Guid(4015c62500ddcb54dbd572be57c66f1e) Importer(815301076,1909f56bfc062723c751e8b465ee728b)
Start importing Assets/paladin_j_nordstrom@Standard Walk.fbx using Guid(4015c62500ddcb54dbd572be57c66f1e) Importer(815301076,1909f56bfc062723c751e8b465ee728b)  -> (artifact id: '4e613bf73df6102e545371052b53dee5') in 0.131048 seconds 
  Import took 0.139849 seconds .

========================================================================
Received Import Request.
  Time since last request: 0.000353 seconds.
  path: Assets/paladin_j_nordstrom@Standard Run (1).fbx
  artifactKey: Guid(38b19821037da7c47bf00c57f7dc6c37) Importer(815301076,1909f56bfc062723c751e8b465ee728b)
Start importing Assets/paladin_j_nordstrom@Standard Run (1).fbx using Guid(38b19821037da7c47bf00c57f7dc6c37) Importer(815301076,1909f56bfc062723c751e8b465ee728b)  -> (artifact id: 'fcbf7bb4ec94f5e779294fa8bd5155cb') in 0.106516 seconds 
  Import took 0.113462 seconds .

========================================================================
Received Import Request.
  Time since last request: 0.000382 seconds.
  path: Assets/paladin_j_nordstrom@Idle (4).fbx
  artifactKey: Guid(b1fdbff0613eda84ab0876edb2ec29b3) Importer(815301076,1909f56bfc062723c751e8b465ee728b)
Start importing Assets/paladin_j_nordstrom@Idle (4).fbx using Guid(b1fdbff0613eda84ab0876edb2ec29b3) Importer(815301076,1909f56bfc062723c751e8b465ee728b)  -> (artifact id: 'c864a038ef2149297e09cee03acf0b11') in 0.102644 seconds 
  Import took 0.112343 seconds .

