Using pre-set license
Built from '2020.3/staging' branch; Version is '2020.3.13f1 (71691879b7f5) revision 7432472'; Using compiler version '192528614'; Build Type 'Release'
OS: 'Windows 10 Home; OS build 19043.1645; Version 2009; 64bit' Language: 'en' Physical Memory: 16147 MB
BatchMode: 1, IsHumanControllingUs: 0, StartBugReporterOnCrash: 0, Is64bit: 1, IsPro: 0

 COMMAND LINE ARGUMENTS:
C:\Program Files\Unity\Hub\Editor\2020.3.13f1\Editor\Unity.exe
-adb2
-batchMode
-noUpm
-name
AssetImportWorker0
-projectPath
C:/School/2022_SPRING/Game Dev/GitGroup/AchilleusRex2
-logFile
Logs/AssetImportWorker0.log
-srvPort
56719
Successfully changed project path to: C:/School/2022_SPRING/Game Dev/GitGroup/AchilleusRex2
C:/School/2022_SPRING/Game Dev/GitGroup/AchilleusRex2
Using Asset Import Pipeline V2.
Refreshing native plugins compatible for Editor in 31.13 ms, found 2 plugins.
Preloading 0 native plugins for Editor in 0.00 ms.
Initialize engine version: 2020.3.13f1 (71691879b7f5)
[Subsystems] Discovering subsystems at path C:/Program Files/Unity/Hub/Editor/2020.3.13f1/Editor/Data/Resources/UnitySubsystems
[Subsystems] Discovering subsystems at path C:/School/2022_SPRING/Game Dev/GitGroup/AchilleusRex2/Assets
GfxDevice: creating device client; threaded=0
Direct3D:
    Version:  Direct3D 11.0 [level 11.1]
    Renderer: NVIDIA GeForce RTX 3060 Laptop GPU (ID=0x2520)
    Vendor:   
    VRAM:     6023 MB
    Driver:   30.0.14.7212
Initialize mono
Mono path[0] = 'C:/Program Files/Unity/Hub/Editor/2020.3.13f1/Editor/Data/Managed'
Mono path[1] = 'C:/Program Files/Unity/Hub/Editor/2020.3.13f1/Editor/Data/MonoBleedingEdge/lib/mono/unityjit'
Mono config path = 'C:/Program Files/Unity/Hub/Editor/2020.3.13f1/Editor/Data/MonoBleedingEdge/etc'
Using monoOptions --debugger-agent=transport=dt_socket,embedding=1,server=y,suspend=n,address=127.0.0.1:56996
Begin MonoManager ReloadAssembly
Registering precompiled unity dll's ...
Register platform support module: C:/Program Files/Unity/Hub/Editor/2020.3.13f1/Editor/Data/PlaybackEngines/WebGLSupport/UnityEditor.WebGL.Extensions.dll
Register platform support module: C:/Program Files/Unity/Hub/Editor/2020.3.13f1/Editor/Data/PlaybackEngines/WindowsStandaloneSupport/UnityEditor.WindowsStandalone.Extensions.dll
Registered in 0.001697 seconds.
Native extension for WindowsStandalone target not found
Native extension for WebGL target not found
Refreshing native plugins compatible for Editor in 29.36 ms, found 2 plugins.
Preloading 0 native plugins for Editor in 0.00 ms.
Mono: successfully reloaded assembly
- Completed reload, in  0.885 seconds
Platform modules already initialized, skipping
Registering precompiled user dll's ...
Registered in 0.003193 seconds.
Begin MonoManager ReloadAssembly
Native extension for WindowsStandalone target not found
Native extension for WebGL target not found
Refreshing native plugins compatible for Editor in 27.48 ms, found 2 plugins.
Preloading 0 native plugins for Editor in 0.00 ms.
Mono: successfully reloaded assembly
- Completed reload, in  1.208 seconds
Platform modules already initialized, skipping
========================================================================
Worker process is ready to serve import requests
Launched and connected shader compiler UnityShaderCompiler.exe after 0.03 seconds
Refreshing native plugins compatible for Editor in 0.38 ms, found 2 plugins.
Preloading 0 native plugins for Editor in 0.00 ms.
Unloading 2087 Unused Serialized files (Serialized files now loaded: 0)
System memory in use before: 108.5 MB.
System memory in use after: 108.5 MB.

Unloading 21 unused Assets to reduce memory usage. Loaded Objects now: 2540.
Total: 3.346900 ms (FindLiveObjects: 0.139800 ms CreateObjectMapping: 0.033400 ms MarkObjects: 3.048800 ms  DeleteObjects: 0.123800 ms)

AssetImportParameters requested are different than current active one (requested -> active):
  custom:framework-win-MediaFoundation: 216162199b28c13a410421893ffa2e32 -> 
  custom:video-decoder-ogg-theora: a1e56fd34408186e4bbccfd4996cb3dc -> 
  custom:container-muxer-webm: aa71ff27fc2769a1b78a27578f13a17b -> 
  custom:container-demuxer-webm: 4f35f7cbe854078d1ac9338744f61a02 -> 
  custom:container-demuxer-ogg: 62fdf1f143b41e24485cea50d1cbac27 -> 
  custom:video-encoder-webm-vp8: eb34c28f22e8b96e1ab97ce403110664 -> 
  custom:video-decoder-webm-vp8: 9c59270c3fd7afecdb556c50c9e8de78 -> 
  custom:audio-decoder-ogg-vorbis: bf7c407c2cedff20999df2af8eb42d56 -> 
  custom:audio-encoder-webm-vorbis: bf7c407c2cedff20999df2af8eb42d56 -> 
========================================================================
Received Import Request.
  path: Assets/Dinosaur/enemyFollow.cs
  artifactKey: Guid(264898deacd7c1c42bf4ebe7a90c82ef) Importer(815301076,1909f56bfc062723c751e8b465ee728b)
Start importing Assets/Dinosaur/enemyFollow.cs using Guid(264898deacd7c1c42bf4ebe7a90c82ef) Importer(815301076,1909f56bfc062723c751e8b465ee728b)  -> (artifact id: 'a6308b531d5e5ca729a56115efc11a0b') in 0.019984 seconds 
  Import took 0.022985 seconds .

========================================================================
Received Prepare
Refreshing native plugins compatible for Editor in 2.24 ms, found 2 plugins.
Preloading 0 native plugins for Editor in 0.00 ms.
Unloading 13 Unused Serialized files (Serialized files now loaded: 0)
System memory in use before: 67.2 MB.
System memory in use after: 67.3 MB.

Unloading 13 unused Assets to reduce memory usage. Loaded Objects now: 2540.
Total: 2.048700 ms (FindLiveObjects: 0.207300 ms CreateObjectMapping: 0.034900 ms MarkObjects: 1.762100 ms  DeleteObjects: 0.043600 ms)

AssetImportParameters requested are different than current active one (requested -> active):
  custom:framework-win-MediaFoundation: 216162199b28c13a410421893ffa2e32 -> 
  custom:video-decoder-ogg-theora: a1e56fd34408186e4bbccfd4996cb3dc -> 
  custom:container-muxer-webm: aa71ff27fc2769a1b78a27578f13a17b -> 
  custom:container-demuxer-webm: 4f35f7cbe854078d1ac9338744f61a02 -> 
  custom:container-demuxer-ogg: 62fdf1f143b41e24485cea50d1cbac27 -> 
  custom:video-encoder-webm-vp8: eb34c28f22e8b96e1ab97ce403110664 -> 
  custom:video-decoder-webm-vp8: 9c59270c3fd7afecdb556c50c9e8de78 -> 
  custom:audio-decoder-ogg-vorbis: bf7c407c2cedff20999df2af8eb42d56 -> 
  custom:audio-encoder-webm-vorbis: bf7c407c2cedff20999df2af8eb42d56 -> 
========================================================================
Received Import Request.
  Time since last request: 10.701212 seconds.
  path: Assets/Dinosaur/enemyFollow.cs
  artifactKey: Guid(264898deacd7c1c42bf4ebe7a90c82ef) Importer(815301076,1909f56bfc062723c751e8b465ee728b)
Start importing Assets/Dinosaur/enemyFollow.cs using Guid(264898deacd7c1c42bf4ebe7a90c82ef) Importer(815301076,1909f56bfc062723c751e8b465ee728b)  -> (artifact id: '8636393929f473448e07e1c615f336c4') in 0.002149 seconds 
  Import took 0.005429 seconds .

========================================================================
Received Import Request.
  Time since last request: 6.463886 seconds.
  path: Assets/Dinosaur/enemyFollow.cs
  artifactKey: Guid(264898deacd7c1c42bf4ebe7a90c82ef) Importer(815301076,1909f56bfc062723c751e8b465ee728b)
Start importing Assets/Dinosaur/enemyFollow.cs using Guid(264898deacd7c1c42bf4ebe7a90c82ef) Importer(815301076,1909f56bfc062723c751e8b465ee728b)  -> (artifact id: '5bb8a4ab83b08ff2061a718e28bcf8c4') in 0.002609 seconds 
  Import took 0.006631 seconds .

========================================================================
Received Import Request.
  Time since last request: 3.124698 seconds.
  path: Assets/Dinosaur/enemyFollow.cs
  artifactKey: Guid(264898deacd7c1c42bf4ebe7a90c82ef) Importer(815301076,1909f56bfc062723c751e8b465ee728b)
Start importing Assets/Dinosaur/enemyFollow.cs using Guid(264898deacd7c1c42bf4ebe7a90c82ef) Importer(815301076,1909f56bfc062723c751e8b465ee728b)  -> (artifact id: '0553b6dd8a7993afbb66186638ba5ccc') in 0.003423 seconds 
  Import took 0.008118 seconds .

========================================================================
Received Prepare
Registering precompiled user dll's ...
Registered in 0.002938 seconds.
Begin MonoManager ReloadAssembly
Native extension for WindowsStandalone target not found
Native extension for WebGL target not found
Refreshing native plugins compatible for Editor in 0.38 ms, found 2 plugins.
Preloading 0 native plugins for Editor in 0.00 ms.
Mono: successfully reloaded assembly
- Completed reload, in  0.862 seconds
Platform modules already initialized, skipping
Refreshing native plugins compatible for Editor in 0.40 ms, found 2 plugins.
Preloading 0 native plugins for Editor in 0.00 ms.
Unloading 2080 Unused Serialized files (Serialized files now loaded: 0)
System memory in use before: 108.4 MB.
System memory in use after: 108.5 MB.

Unloading 15 unused Assets to reduce memory usage. Loaded Objects now: 2543.
Total: 2.221500 ms (FindLiveObjects: 0.138700 ms CreateObjectMapping: 0.035200 ms MarkObjects: 1.996000 ms  DeleteObjects: 0.050700 ms)

AssetImportParameters requested are different than current active one (requested -> active):
  custom:framework-win-MediaFoundation: 216162199b28c13a410421893ffa2e32 -> 
  custom:video-decoder-ogg-theora: a1e56fd34408186e4bbccfd4996cb3dc -> 
  custom:container-muxer-webm: aa71ff27fc2769a1b78a27578f13a17b -> 
  custom:container-demuxer-webm: 4f35f7cbe854078d1ac9338744f61a02 -> 
  custom:container-demuxer-ogg: 62fdf1f143b41e24485cea50d1cbac27 -> 
  custom:video-encoder-webm-vp8: eb34c28f22e8b96e1ab97ce403110664 -> 
  custom:video-decoder-webm-vp8: 9c59270c3fd7afecdb556c50c9e8de78 -> 
  custom:audio-decoder-ogg-vorbis: bf7c407c2cedff20999df2af8eb42d56 -> 
  custom:audio-encoder-webm-vorbis: bf7c407c2cedff20999df2af8eb42d56 -> 
========================================================================
Received Prepare
Registering precompiled user dll's ...
Registered in 0.002905 seconds.
Begin MonoManager ReloadAssembly
Native extension for WindowsStandalone target not found
Native extension for WebGL target not found
Refreshing native plugins compatible for Editor in 0.38 ms, found 2 plugins.
Preloading 0 native plugins for Editor in 0.00 ms.
Mono: successfully reloaded assembly
- Completed reload, in  0.830 seconds
Platform modules already initialized, skipping
Refreshing native plugins compatible for Editor in 0.41 ms, found 2 plugins.
Preloading 0 native plugins for Editor in 0.00 ms.
Unloading 2080 Unused Serialized files (Serialized files now loaded: 0)
System memory in use before: 108.4 MB.
System memory in use after: 108.5 MB.

Unloading 15 unused Assets to reduce memory usage. Loaded Objects now: 2546.
Total: 2.049100 ms (FindLiveObjects: 0.139800 ms CreateObjectMapping: 0.032900 ms MarkObjects: 1.824000 ms  DeleteObjects: 0.051700 ms)

AssetImportParameters requested are different than current active one (requested -> active):
  custom:framework-win-MediaFoundation: 216162199b28c13a410421893ffa2e32 -> 
  custom:video-decoder-ogg-theora: a1e56fd34408186e4bbccfd4996cb3dc -> 
  custom:container-muxer-webm: aa71ff27fc2769a1b78a27578f13a17b -> 
  custom:container-demuxer-webm: 4f35f7cbe854078d1ac9338744f61a02 -> 
  custom:container-demuxer-ogg: 62fdf1f143b41e24485cea50d1cbac27 -> 
  custom:video-encoder-webm-vp8: eb34c28f22e8b96e1ab97ce403110664 -> 
  custom:video-decoder-webm-vp8: 9c59270c3fd7afecdb556c50c9e8de78 -> 
  custom:audio-decoder-ogg-vorbis: bf7c407c2cedff20999df2af8eb42d56 -> 
  custom:audio-encoder-webm-vorbis: bf7c407c2cedff20999df2af8eb42d56 -> 
========================================================================
Received Import Request.
  Time since last request: 102.286404 seconds.
  path: Assets/Dinosaur/enemyFollow.cs
  artifactKey: Guid(264898deacd7c1c42bf4ebe7a90c82ef) Importer(815301076,1909f56bfc062723c751e8b465ee728b)
Start importing Assets/Dinosaur/enemyFollow.cs using Guid(264898deacd7c1c42bf4ebe7a90c82ef) Importer(815301076,1909f56bfc062723c751e8b465ee728b)  -> (artifact id: 'bd0e2b13a1e6ea597c31183352a05c9a') in 0.004921 seconds 
  Import took 0.007775 seconds .

========================================================================
Received Prepare
Registering precompiled user dll's ...
Registered in 0.002786 seconds.
Begin MonoManager ReloadAssembly
Native extension for WindowsStandalone target not found
Native extension for WebGL target not found
Refreshing native plugins compatible for Editor in 0.39 ms, found 2 plugins.
Preloading 0 native plugins for Editor in 0.00 ms.
Mono: successfully reloaded assembly
- Completed reload, in  0.818 seconds
Platform modules already initialized, skipping
Refreshing native plugins compatible for Editor in 0.40 ms, found 2 plugins.
Preloading 0 native plugins for Editor in 0.00 ms.
Unloading 2080 Unused Serialized files (Serialized files now loaded: 0)
System memory in use before: 108.5 MB.
System memory in use after: 108.5 MB.

Unloading 15 unused Assets to reduce memory usage. Loaded Objects now: 2549.
Total: 2.110900 ms (FindLiveObjects: 0.124000 ms CreateObjectMapping: 0.031900 ms MarkObjects: 1.911300 ms  DeleteObjects: 0.042900 ms)

AssetImportParameters requested are different than current active one (requested -> active):
  custom:framework-win-MediaFoundation: 216162199b28c13a410421893ffa2e32 -> 
  custom:video-decoder-ogg-theora: a1e56fd34408186e4bbccfd4996cb3dc -> 
  custom:container-muxer-webm: aa71ff27fc2769a1b78a27578f13a17b -> 
  custom:container-demuxer-webm: 4f35f7cbe854078d1ac9338744f61a02 -> 
  custom:container-demuxer-ogg: 62fdf1f143b41e24485cea50d1cbac27 -> 
  custom:video-encoder-webm-vp8: eb34c28f22e8b96e1ab97ce403110664 -> 
  custom:video-decoder-webm-vp8: 9c59270c3fd7afecdb556c50c9e8de78 -> 
  custom:audio-decoder-ogg-vorbis: bf7c407c2cedff20999df2af8eb42d56 -> 
  custom:audio-encoder-webm-vorbis: bf7c407c2cedff20999df2af8eb42d56 -> 
========================================================================
Received Import Request.
  Time since last request: 51.824391 seconds.
  path: Assets/Dinosaur/enemyFollow.cs
  artifactKey: Guid(264898deacd7c1c42bf4ebe7a90c82ef) Importer(815301076,1909f56bfc062723c751e8b465ee728b)
Start importing Assets/Dinosaur/enemyFollow.cs using Guid(264898deacd7c1c42bf4ebe7a90c82ef) Importer(815301076,1909f56bfc062723c751e8b465ee728b)  -> (artifact id: '5ac1289be9fa337da0b16bf3da7744e0') in 0.004216 seconds 
  Import took 0.007406 seconds .

========================================================================
Received Import Request.
  Time since last request: 16.311287 seconds.
  path: Assets/PBRVelociraptor/Textures
  artifactKey: Guid(3b90cd296c783254d9afd31ae040acbe) Importer(815301076,1909f56bfc062723c751e8b465ee728b)
Start importing Assets/PBRVelociraptor/Textures using Guid(3b90cd296c783254d9afd31ae040acbe) Importer(815301076,1909f56bfc062723c751e8b465ee728b)  -> (artifact id: 'b9d559cd4c647b18ef9b7783ee08cec0') in 0.006551 seconds 
  Import took 0.009342 seconds .

========================================================================
Received Import Request.
  Time since last request: 0.865724 seconds.
  path: Assets/PBRVelociraptor/Textures/2K
  artifactKey: Guid(5c0d7cff27b6a54419559b62a07a4723) Importer(815301076,1909f56bfc062723c751e8b465ee728b)
Start importing Assets/PBRVelociraptor/Textures/2K using Guid(5c0d7cff27b6a54419559b62a07a4723) Importer(815301076,1909f56bfc062723c751e8b465ee728b)  -> (artifact id: '3860b1905c9c25eecfcfcab3796b9156') in 0.006178 seconds 
  Import took 0.008969 seconds .

========================================================================
Received Import Request.
  Time since last request: 0.060963 seconds.
  path: Assets/PBRVelociraptor/Textures/2K/Other_Albedo 1K.png
  artifactKey: Guid(9c638789f605d3844b69a18d035593f1) Importer(815301076,1909f56bfc062723c751e8b465ee728b)
Start importing Assets/PBRVelociraptor/Textures/2K/Other_Albedo 1K.png using Guid(9c638789f605d3844b69a18d035593f1) Importer(815301076,1909f56bfc062723c751e8b465ee728b)  -> (artifact id: 'fd220788b74707d9fd0d7aebb31d7390') in 0.052336 seconds 
  Import took 0.055151 seconds .

========================================================================
Received Import Request.
  Time since last request: 0.000250 seconds.
  path: Assets/PBRVelociraptor/Textures/2K/Raptor_PatternD_Albedo.png
  artifactKey: Guid(9f793d688dbde294e8f170b60704615e) Importer(815301076,1909f56bfc062723c751e8b465ee728b)
Start importing Assets/PBRVelociraptor/Textures/2K/Raptor_PatternD_Albedo.png using Guid(9f793d688dbde294e8f170b60704615e) Importer(815301076,1909f56bfc062723c751e8b465ee728b)  -> (artifact id: '77849c9b45cc738f5488a0f86e071ab3') in 0.062507 seconds 
  Import took 0.065295 seconds .

========================================================================
Received Import Request.
  Time since last request: 0.000209 seconds.
  path: Assets/PBRVelociraptor/Textures/2K/Raptor_PatternB_Albedo.png
  artifactKey: Guid(66369dc90f839c34aa34addb636e4d6b) Importer(815301076,1909f56bfc062723c751e8b465ee728b)
Start importing Assets/PBRVelociraptor/Textures/2K/Raptor_PatternB_Albedo.png using Guid(66369dc90f839c34aa34addb636e4d6b) Importer(815301076,1909f56bfc062723c751e8b465ee728b)  -> (artifact id: '13039862e60fa294327ee0ff9d2d6f6d') in 0.018033 seconds 
  Import took 0.020705 seconds .

========================================================================
Received Import Request.
  Time since last request: 0.000199 seconds.
  path: Assets/PBRVelociraptor/Textures/2K/Raptor_AO.png
  artifactKey: Guid(b5701e599d38bc14583d2099d8809ac8) Importer(815301076,1909f56bfc062723c751e8b465ee728b)
Start importing Assets/PBRVelociraptor/Textures/2K/Raptor_AO.png using Guid(b5701e599d38bc14583d2099d8809ac8) Importer(815301076,1909f56bfc062723c751e8b465ee728b)  -> (artifact id: 'b035fe1d541e1104ee75dccf4814f904') in 0.019173 seconds 
  Import took 0.021823 seconds .

========================================================================
Received Import Request.
  Time since last request: 0.000205 seconds.
  path: Assets/PBRVelociraptor/Textures/2K/Raptor_PatternC_Albedo.png
  artifactKey: Guid(499e5b0b01f402a4c9292f92a867fc96) Importer(815301076,1909f56bfc062723c751e8b465ee728b)
Start importing Assets/PBRVelociraptor/Textures/2K/Raptor_PatternC_Albedo.png using Guid(499e5b0b01f402a4c9292f92a867fc96) Importer(815301076,1909f56bfc062723c751e8b465ee728b)  -> (artifact id: '22bada0b845fbc1822646b97a0225331') in 0.021778 seconds 
  Import took 0.024995 seconds .

========================================================================
Received Import Request.
  Time since last request: 0.000219 seconds.
  path: Assets/PBRVelociraptor/Textures/2K/Raptor_Scales_NormalA.png
  artifactKey: Guid(6ba48a175a980d5489acd55ec2770336) Importer(815301076,1909f56bfc062723c751e8b465ee728b)
Start importing Assets/PBRVelociraptor/Textures/2K/Raptor_Scales_NormalA.png using Guid(6ba48a175a980d5489acd55ec2770336) Importer(815301076,1909f56bfc062723c751e8b465ee728b)  -> (artifact id: 'd5dad33888dc82a6550dc6434a14bdc4') in 0.042417 seconds 
  Import took 0.045411 seconds .

========================================================================
Received Import Request.
  Time since last request: 0.000164 seconds.
  path: Assets/PBRVelociraptor/Textures/2K/Raptor_PatternE_Albedo.png
  artifactKey: Guid(6fbd722c77c1a1144bebafe9f365c00b) Importer(815301076,1909f56bfc062723c751e8b465ee728b)
Start importing Assets/PBRVelociraptor/Textures/2K/Raptor_PatternE_Albedo.png using Guid(6fbd722c77c1a1144bebafe9f365c00b) Importer(815301076,1909f56bfc062723c751e8b465ee728b)  -> (artifact id: '2074b099be726f1b9086d5f4322ac151') in 0.015142 seconds 
  Import took 0.018163 seconds .

========================================================================
Received Import Request.
  Time since last request: 0.000214 seconds.
  path: Assets/PBRVelociraptor/Textures/2K/Raptor_PatternA_Albedo.png
  artifactKey: Guid(b54d8a43d003fd340affb0993c0ec5d8) Importer(815301076,1909f56bfc062723c751e8b465ee728b)
Start importing Assets/PBRVelociraptor/Textures/2K/Raptor_PatternA_Albedo.png using Guid(b54d8a43d003fd340affb0993c0ec5d8) Importer(815301076,1909f56bfc062723c751e8b465ee728b)  -> (artifact id: 'edb748869a5b573daaa62ced3a03b31b') in 0.028742 seconds 
  Import took 0.032341 seconds .

========================================================================
Received Import Request.
  Time since last request: 0.000237 seconds.
  path: Assets/PBRVelociraptor/Textures/2K/Other_Normal 1K.png
  artifactKey: Guid(0aadf817485a6304bbf297373dd6bc57) Importer(815301076,1909f56bfc062723c751e8b465ee728b)
Start importing Assets/PBRVelociraptor/Textures/2K/Other_Normal 1K.png using Guid(0aadf817485a6304bbf297373dd6bc57) Importer(815301076,1909f56bfc062723c751e8b465ee728b)  -> (artifact id: '3131bad838cc4b4dc53579efa6e9d9b4') in 0.021138 seconds 
  Import took 0.024101 seconds .

========================================================================
Received Import Request.
  Time since last request: 0.000218 seconds.
  path: Assets/PBRVelociraptor/Textures/2K/Raptor_Scales_AlbedoA.png
  artifactKey: Guid(f1b54b93ad9e84d41afe748405618518) Importer(815301076,1909f56bfc062723c751e8b465ee728b)
Start importing Assets/PBRVelociraptor/Textures/2K/Raptor_Scales_AlbedoA.png using Guid(f1b54b93ad9e84d41afe748405618518) Importer(815301076,1909f56bfc062723c751e8b465ee728b)  -> (artifact id: 'a6d2544be76385899b695f52f83b3937') in 0.015571 seconds 
  Import took 0.018490 seconds .

========================================================================
Received Import Request.
  Time since last request: 0.000150 seconds.
  path: Assets/PBRVelociraptor/Textures/2K/Raptor_Normal.png
  artifactKey: Guid(76ca78fe19f8b81448c30f4159671ec3) Importer(815301076,1909f56bfc062723c751e8b465ee728b)
Start importing Assets/PBRVelociraptor/Textures/2K/Raptor_Normal.png using Guid(76ca78fe19f8b81448c30f4159671ec3) Importer(815301076,1909f56bfc062723c751e8b465ee728b)  -> (artifact id: '9b208af7534ded4c394ee10d6ace64f1') in 0.015893 seconds 
  Import took 0.018717 seconds .

========================================================================
Received Import Request.
  Time since last request: 0.000152 seconds.
  path: Assets/PBRVelociraptor/Textures/2K/Raptor_Scales_AlbedoA.png
  artifactKey: Guid(f1b54b93ad9e84d41afe748405618518) Importer(815301076,1909f56bfc062723c751e8b465ee728b)
Start importing Assets/PBRVelociraptor/Textures/2K/Raptor_Scales_AlbedoA.png using Guid(f1b54b93ad9e84d41afe748405618518) Importer(815301076,1909f56bfc062723c751e8b465ee728b)  -> (artifact id: 'a6d2544be76385899b695f52f83b3937') in 0.015546 seconds 
  Import took 0.018754 seconds .

========================================================================
Received Import Request.
  Time since last request: 23.160650 seconds.
  path: Assets/PBRVelociraptor/Audio Clips
  artifactKey: Guid(5c8ea3c6eac033a4cb5af91c61fe6b3a) Importer(815301076,1909f56bfc062723c751e8b465ee728b)
Start importing Assets/PBRVelociraptor/Audio Clips using Guid(5c8ea3c6eac033a4cb5af91c61fe6b3a) Importer(815301076,1909f56bfc062723c751e8b465ee728b)  -> (artifact id: '17ea5dfe3dac72ac2d3231095506e564') in 0.005112 seconds 
  Import took 0.009160 seconds .

========================================================================
Received Import Request.
  Time since last request: 0.066202 seconds.
  path: Assets/PBRVelociraptor/Audio Clips/RaptorBark1.wav
  artifactKey: Guid(7fca970127c77274aa160d3f84ca67da) Importer(815301076,1909f56bfc062723c751e8b465ee728b)
Start importing Assets/PBRVelociraptor/Audio Clips/RaptorBark1.wav using Guid(7fca970127c77274aa160d3f84ca67da) Importer(815301076,1909f56bfc062723c751e8b465ee728b)  -> (artifact id: 'ed552fece938c85eceff47faee2b783e') in 0.050418 seconds 
  Import took 0.053339 seconds .

========================================================================
Received Import Request.
  Time since last request: 0.000215 seconds.
  path: Assets/PBRVelociraptor/Audio Clips/RaptorBark2.wav
  artifactKey: Guid(e03663686b3e5c143810c11b3cf11d8d) Importer(815301076,1909f56bfc062723c751e8b465ee728b)
Start importing Assets/PBRVelociraptor/Audio Clips/RaptorBark2.wav using Guid(e03663686b3e5c143810c11b3cf11d8d) Importer(815301076,1909f56bfc062723c751e8b465ee728b)  -> (artifact id: '3bcf2e4b06c04705778adb8b8512d180') in 0.012265 seconds 
  Import took 0.015079 seconds .

========================================================================
Received Import Request.
  Time since last request: 0.000176 seconds.
  path: Assets/PBRVelociraptor/Audio Clips/RaptorCall3.wav
  artifactKey: Guid(20ea381264bafce49834eba50b640419) Importer(815301076,1909f56bfc062723c751e8b465ee728b)
Start importing Assets/PBRVelociraptor/Audio Clips/RaptorCall3.wav using Guid(20ea381264bafce49834eba50b640419) Importer(815301076,1909f56bfc062723c751e8b465ee728b)  -> (artifact id: '1b15678d335fee3c33a46cc1eb105a7c') in 0.020880 seconds 
  Import took 0.023655 seconds .

========================================================================
Received Import Request.
  Time since last request: 0.000205 seconds.
  path: Assets/PBRVelociraptor/Audio Clips/RaptorDeath1.wav
  artifactKey: Guid(399d4fa3cddfd664cb117049933b2554) Importer(815301076,1909f56bfc062723c751e8b465ee728b)
Start importing Assets/PBRVelociraptor/Audio Clips/RaptorDeath1.wav using Guid(399d4fa3cddfd664cb117049933b2554) Importer(815301076,1909f56bfc062723c751e8b465ee728b)  -> (artifact id: 'd4ac08dc07d295a469a306f1137a278c') in 0.017545 seconds 
  Import took 0.020389 seconds .

========================================================================
Received Import Request.
  Time since last request: 0.000209 seconds.
  path: Assets/PBRVelociraptor/Audio Clips/RaptorYelp1.wav
  artifactKey: Guid(553db0fb9205d254f96e8b4f684944dd) Importer(815301076,1909f56bfc062723c751e8b465ee728b)
Start importing Assets/PBRVelociraptor/Audio Clips/RaptorYelp1.wav using Guid(553db0fb9205d254f96e8b4f684944dd) Importer(815301076,1909f56bfc062723c751e8b465ee728b)  -> (artifact id: 'ce728a9e6e29e6941081a11c1c7ebb9f') in 0.018959 seconds 
  Import took 0.021922 seconds .

========================================================================
Received Import Request.
  Time since last request: 0.000181 seconds.
  path: Assets/PBRVelociraptor/Audio Clips/RaptorRoar4.wav
  artifactKey: Guid(85e806ed8d23b7849ba2529a911fb786) Importer(815301076,1909f56bfc062723c751e8b465ee728b)
Start importing Assets/PBRVelociraptor/Audio Clips/RaptorRoar4.wav using Guid(85e806ed8d23b7849ba2529a911fb786) Importer(815301076,1909f56bfc062723c751e8b465ee728b)  -> (artifact id: '46c585e50a6446e01fa62f48ee4fd55a') in 0.025459 seconds 
  Import took 0.028654 seconds .

========================================================================
Received Import Request.
  Time since last request: 0.000188 seconds.
  path: Assets/PBRVelociraptor/Audio Clips/RaptorGrowl1.wav
  artifactKey: Guid(aec8cee1920f8864b97b641df045a030) Importer(815301076,1909f56bfc062723c751e8b465ee728b)
Start importing Assets/PBRVelociraptor/Audio Clips/RaptorGrowl1.wav using Guid(aec8cee1920f8864b97b641df045a030) Importer(815301076,1909f56bfc062723c751e8b465ee728b)  -> (artifact id: '644810535694ca38c331692bc504b034') in 0.017006 seconds 
  Import took 0.020350 seconds .

========================================================================
Received Import Request.
  Time since last request: 0.000354 seconds.
  path: Assets/PBRVelociraptor/Audio Clips/RaptorDeath2.wav
  artifactKey: Guid(655ae2339de0ea14c8adefdcb28e2ffa) Importer(815301076,1909f56bfc062723c751e8b465ee728b)
Start importing Assets/PBRVelociraptor/Audio Clips/RaptorDeath2.wav using Guid(655ae2339de0ea14c8adefdcb28e2ffa) Importer(815301076,1909f56bfc062723c751e8b465ee728b)  -> (artifact id: 'e074bbd8202f204760517dc5ed080776') in 0.013080 seconds 
  Import took 0.016182 seconds .

========================================================================
Received Import Request.
  Time since last request: 0.000167 seconds.
  path: Assets/PBRVelociraptor/Audio Clips/RaptorGrowl2.wav
  artifactKey: Guid(107118aa5cf46b8499f08327fc7f1675) Importer(815301076,1909f56bfc062723c751e8b465ee728b)
Start importing Assets/PBRVelociraptor/Audio Clips/RaptorGrowl2.wav using Guid(107118aa5cf46b8499f08327fc7f1675) Importer(815301076,1909f56bfc062723c751e8b465ee728b)  -> (artifact id: 'ab341544597b68b3997a645eac89ba7a') in 0.021395 seconds 
  Import took 0.024172 seconds .

========================================================================
Received Import Request.
  Time since last request: 0.000238 seconds.
  path: Assets/PBRVelociraptor/Audio Clips/RaptorScreech2.wav
  artifactKey: Guid(b784295d6bcb6ab4bb20714dc9cb2626) Importer(815301076,1909f56bfc062723c751e8b465ee728b)
Start importing Assets/PBRVelociraptor/Audio Clips/RaptorScreech2.wav using Guid(b784295d6bcb6ab4bb20714dc9cb2626) Importer(815301076,1909f56bfc062723c751e8b465ee728b)  -> (artifact id: '6a0a95a65e5ee6974f9843647bc58e56') in 0.024771 seconds 
  Import took 0.027702 seconds .

========================================================================
Received Import Request.
  Time since last request: 0.000247 seconds.
  path: Assets/PBRVelociraptor/Audio Clips/RaptorSniff1.wav
  artifactKey: Guid(50282f33a7fae8643b148f34aeb950df) Importer(815301076,1909f56bfc062723c751e8b465ee728b)
Start importing Assets/PBRVelociraptor/Audio Clips/RaptorSniff1.wav using Guid(50282f33a7fae8643b148f34aeb950df) Importer(815301076,1909f56bfc062723c751e8b465ee728b)  -> (artifact id: '164c479eb6430a536001ca94b71a8177') in 0.021689 seconds 
  Import took 0.024775 seconds .

========================================================================
Received Import Request.
  Time since last request: 0.000199 seconds.
  path: Assets/PBRVelociraptor/Audio Clips/RaptorScreech1.wav
  artifactKey: Guid(cbf8fd803dbaba247a83b8a55b9dda44) Importer(815301076,1909f56bfc062723c751e8b465ee728b)
Start importing Assets/PBRVelociraptor/Audio Clips/RaptorScreech1.wav using Guid(cbf8fd803dbaba247a83b8a55b9dda44) Importer(815301076,1909f56bfc062723c751e8b465ee728b)  -> (artifact id: 'f02c29ced07db8c3c3edf9731c0ebf76') in 0.026364 seconds 
  Import took 0.029561 seconds .

========================================================================
Received Import Request.
  Time since last request: 0.000203 seconds.
  path: Assets/PBRVelociraptor/Audio Clips/RaptorRoar3.wav
  artifactKey: Guid(fb2e0fa0929fab741adcadca5df7c047) Importer(815301076,1909f56bfc062723c751e8b465ee728b)
Start importing Assets/PBRVelociraptor/Audio Clips/RaptorRoar3.wav using Guid(fb2e0fa0929fab741adcadca5df7c047) Importer(815301076,1909f56bfc062723c751e8b465ee728b)  -> (artifact id: '3c0a922605a00018f1b702e1a7016548') in 0.013696 seconds 
  Import took 0.017030 seconds .

========================================================================
Received Import Request.
  Time since last request: 0.000173 seconds.
  path: Assets/PBRVelociraptor/Audio Clips/RaptorRoar1.wav
  artifactKey: Guid(45ee50b23bd6b1a479571694c2b8b723) Importer(815301076,1909f56bfc062723c751e8b465ee728b)
Start importing Assets/PBRVelociraptor/Audio Clips/RaptorRoar1.wav using Guid(45ee50b23bd6b1a479571694c2b8b723) Importer(815301076,1909f56bfc062723c751e8b465ee728b)  -> (artifact id: '8fc019267298428dd23a9ba4ee8a66f3') in 0.007870 seconds 
  Import took 0.010925 seconds .

========================================================================
Received Import Request.
  Time since last request: 0.000306 seconds.
  path: Assets/PBRVelociraptor/Audio Clips/RaptorSniff2.wav
  artifactKey: Guid(a4cdd2bc22a4a44468d2f007d35e2819) Importer(815301076,1909f56bfc062723c751e8b465ee728b)
Start importing Assets/PBRVelociraptor/Audio Clips/RaptorSniff2.wav using Guid(a4cdd2bc22a4a44468d2f007d35e2819) Importer(815301076,1909f56bfc062723c751e8b465ee728b)  -> (artifact id: '6cb163c93d9ea5b76074ae68e0ff6d5b') in 0.014078 seconds 
  Import took 0.017647 seconds .

========================================================================
Received Import Request.
  Time since last request: 0.000187 seconds.
  path: Assets/PBRVelociraptor/Audio Clips/RaptorYelp2.wav
  artifactKey: Guid(413fe8a77180a1140afb58b5b9484824) Importer(815301076,1909f56bfc062723c751e8b465ee728b)
Start importing Assets/PBRVelociraptor/Audio Clips/RaptorYelp2.wav using Guid(413fe8a77180a1140afb58b5b9484824) Importer(815301076,1909f56bfc062723c751e8b465ee728b)  -> (artifact id: '9dfd8069c3b90ca876f469830775d8ec') in 0.012574 seconds 
  Import took 0.015419 seconds .

========================================================================
Received Import Request.
  Time since last request: 0.000188 seconds.
  path: Assets/PBRVelociraptor/Audio Clips/RaptorCall1.wav
  artifactKey: Guid(7a3b4de075c314f469107d57d43931e4) Importer(815301076,1909f56bfc062723c751e8b465ee728b)
Start importing Assets/PBRVelociraptor/Audio Clips/RaptorCall1.wav using Guid(7a3b4de075c314f469107d57d43931e4) Importer(815301076,1909f56bfc062723c751e8b465ee728b)  -> (artifact id: 'f3ded70cc90cf8c809a1885de28548e6') in 0.013174 seconds 
  Import took 0.016807 seconds .

========================================================================
Received Import Request.
  Time since last request: 0.000229 seconds.
  path: Assets/PBRVelociraptor/Audio Clips/RaptorCall2.wav
  artifactKey: Guid(4da4c52d96c25ef4b91d22f522332540) Importer(815301076,1909f56bfc062723c751e8b465ee728b)
Start importing Assets/PBRVelociraptor/Audio Clips/RaptorCall2.wav using Guid(4da4c52d96c25ef4b91d22f522332540) Importer(815301076,1909f56bfc062723c751e8b465ee728b)  -> (artifact id: 'c55f641cbfe8587e83c8662ece538f88') in 0.012306 seconds 
  Import took 0.015398 seconds .

========================================================================
Received Import Request.
  Time since last request: 0.000170 seconds.
  path: Assets/PBRVelociraptor/Audio Clips/RaptorRoar2.wav
  artifactKey: Guid(067e3145c4179a4489f66f2ed8ae7d6b) Importer(815301076,1909f56bfc062723c751e8b465ee728b)
Start importing Assets/PBRVelociraptor/Audio Clips/RaptorRoar2.wav using Guid(067e3145c4179a4489f66f2ed8ae7d6b) Importer(815301076,1909f56bfc062723c751e8b465ee728b)  -> (artifact id: '3848d8e6ef3a9a87585cff31c1758029') in 0.010140 seconds 
  Import took 0.013014 seconds .

========================================================================
Received Import Request.
  Time since last request: 0.000183 seconds.
  path: Assets/PBRVelociraptor/Audio Clips/RaptorGrowl3.wav
  artifactKey: Guid(7d92080f5106a0a4088628531878380a) Importer(815301076,1909f56bfc062723c751e8b465ee728b)
Start importing Assets/PBRVelociraptor/Audio Clips/RaptorGrowl3.wav using Guid(7d92080f5106a0a4088628531878380a) Importer(815301076,1909f56bfc062723c751e8b465ee728b)  -> (artifact id: '40d327b6f5ff5c864689c97e2a22e0c9') in 0.013906 seconds 
  Import took 0.016858 seconds .

========================================================================
Received Import Request.
  Time since last request: 159.630243 seconds.
  path: Assets/PBRVelociraptor/Demo/Materials/FantaBlack.mat
  artifactKey: Guid(d28d3fd2b1f74124a96c8591c429e67c) Importer(815301076,1909f56bfc062723c751e8b465ee728b)
Start importing Assets/PBRVelociraptor/Demo/Materials/FantaBlack.mat using Guid(d28d3fd2b1f74124a96c8591c429e67c) Importer(815301076,1909f56bfc062723c751e8b465ee728b)  -> (artifact id: '3fd533dd4df76c02edd88e06c82d2c75') in 0.051090 seconds 
  Import took 0.054658 seconds .

========================================================================
Received Import Request.
  Time since last request: 0.000193 seconds.
  path: Assets/PBRVelociraptor/Demo/Materials/StandardBlack.mat
  artifactKey: Guid(3ede68ef6f4cf84458f96a2ddd0864a8) Importer(815301076,1909f56bfc062723c751e8b465ee728b)
Start importing Assets/PBRVelociraptor/Demo/Materials/StandardBlack.mat using Guid(3ede68ef6f4cf84458f96a2ddd0864a8) Importer(815301076,1909f56bfc062723c751e8b465ee728b)  -> (artifact id: 'b2f6743e2cac7f97ff86d14cf1f1c2df') in 0.013424 seconds 
  Import took 0.016209 seconds .

========================================================================
Received Import Request.
  Time since last request: 5.581945 seconds.
  path: Assets/PBRVelociraptor/Materials/PBR/RaptorBodyA.mat
  artifactKey: Guid(9950eef40ff17384c9df3c0a3803557a) Importer(815301076,1909f56bfc062723c751e8b465ee728b)
Start importing Assets/PBRVelociraptor/Materials/PBR/RaptorBodyA.mat using Guid(9950eef40ff17384c9df3c0a3803557a) Importer(815301076,1909f56bfc062723c751e8b465ee728b)  -> (artifact id: '947587475bf427a7c8539339d4c3810e') in 0.158468 seconds 
  Import took 0.162126 seconds .

========================================================================
Received Import Request.
  Time since last request: 0.000206 seconds.
  path: Assets/PBRVelociraptor/Materials/PBR/RaptorCornea.mat
  artifactKey: Guid(bfd20e4e51244144180385289d05ea7b) Importer(815301076,1909f56bfc062723c751e8b465ee728b)
Start importing Assets/PBRVelociraptor/Materials/PBR/RaptorCornea.mat using Guid(bfd20e4e51244144180385289d05ea7b) Importer(815301076,1909f56bfc062723c751e8b465ee728b)  -> (artifact id: '9a09716e6c2a7aca1c5d6df52bf78712') in 0.166454 seconds 
  Import took 0.170032 seconds .

========================================================================
Received Import Request.
  Time since last request: 0.000223 seconds.
  path: Assets/PBRVelociraptor/Materials/PBR/RaptorEyesClawsTeethSpikes.mat
  artifactKey: Guid(ec5a14d7ed2fca346aff25b22f8e6019) Importer(815301076,1909f56bfc062723c751e8b465ee728b)
Start importing Assets/PBRVelociraptor/Materials/PBR/RaptorEyesClawsTeethSpikes.mat using Guid(ec5a14d7ed2fca346aff25b22f8e6019) Importer(815301076,1909f56bfc062723c751e8b465ee728b)  -> (artifact id: '80b7dac5acf590a36abadc77cd481140') in 0.182159 seconds 
  Import took 0.184956 seconds .

========================================================================
Received Import Request.
  Time since last request: 0.000183 seconds.
  path: Assets/PBRVelociraptor/Materials/PBR/RaptorBodyD.mat
  artifactKey: Guid(1dd27e2c6a1833d4abbb420edc70ee5b) Importer(815301076,1909f56bfc062723c751e8b465ee728b)
Start importing Assets/PBRVelociraptor/Materials/PBR/RaptorBodyD.mat using Guid(1dd27e2c6a1833d4abbb420edc70ee5b) Importer(815301076,1909f56bfc062723c751e8b465ee728b)  -> (artifact id: '1432a2cb0192c40c57621ea11ee4e29c') in 0.027534 seconds 
  Import took 0.030943 seconds .

========================================================================
Received Import Request.
  Time since last request: 0.000160 seconds.
  path: Assets/PBRVelociraptor/Materials/PBR/RaptorBodyE.mat
  artifactKey: Guid(04badedb008d855459188e87e43b5fe9) Importer(815301076,1909f56bfc062723c751e8b465ee728b)
Start importing Assets/PBRVelociraptor/Materials/PBR/RaptorBodyE.mat using Guid(04badedb008d855459188e87e43b5fe9) Importer(815301076,1909f56bfc062723c751e8b465ee728b)  -> (artifact id: 'cacd157df1ed9ad12ae7be810682a806') in 0.047320 seconds 
  Import took 0.050895 seconds .

========================================================================
Received Import Request.
  Time since last request: 0.000217 seconds.
  path: Assets/PBRVelociraptor/Materials/PBR/RaptorBodyC.mat
  artifactKey: Guid(d7a89a8d75914b54888758772e6c3a96) Importer(815301076,1909f56bfc062723c751e8b465ee728b)
Start importing Assets/PBRVelociraptor/Materials/PBR/RaptorBodyC.mat using Guid(d7a89a8d75914b54888758772e6c3a96) Importer(815301076,1909f56bfc062723c751e8b465ee728b)  -> (artifact id: '0b5a8424074ee78965c7e85169624089') in 0.034875 seconds 
  Import took 0.038227 seconds .

========================================================================
Received Import Request.
  Time since last request: 0.000160 seconds.
  path: Assets/PBRVelociraptor/Materials/PBR/RaptorBodyB.mat
  artifactKey: Guid(1e5ec7b8a50b22440ab527b61557b73a) Importer(815301076,1909f56bfc062723c751e8b465ee728b)
Start importing Assets/PBRVelociraptor/Materials/PBR/RaptorBodyB.mat using Guid(1e5ec7b8a50b22440ab527b61557b73a) Importer(815301076,1909f56bfc062723c751e8b465ee728b)  -> (artifact id: 'c54ef2839f265b2902b4f0a80231f610') in 0.035106 seconds 
  Import took 0.039514 seconds .

========================================================================
Received Prepare
Registering precompiled user dll's ...
Registered in 0.002931 seconds.
Begin MonoManager ReloadAssembly
Native extension for WindowsStandalone target not found
Native extension for WebGL target not found
Refreshing native plugins compatible for Editor in 0.40 ms, found 2 plugins.
Preloading 0 native plugins for Editor in 0.00 ms.
Mono: successfully reloaded assembly
- Completed reload, in  0.835 seconds
Platform modules already initialized, skipping
Refreshing native plugins compatible for Editor in 0.36 ms, found 2 plugins.
Preloading 0 native plugins for Editor in 0.00 ms.
Unloading 2080 Unused Serialized files (Serialized files now loaded: 0)
System memory in use before: 112.2 MB.
System memory in use after: 112.3 MB.

Unloading 15 unused Assets to reduce memory usage. Loaded Objects now: 2599.
Total: 2.171300 ms (FindLiveObjects: 0.137200 ms CreateObjectMapping: 0.035500 ms MarkObjects: 1.942400 ms  DeleteObjects: 0.054800 ms)

AssetImportParameters requested are different than current active one (requested -> active):
  custom:framework-win-MediaFoundation: 216162199b28c13a410421893ffa2e32 -> 
  custom:video-decoder-ogg-theora: a1e56fd34408186e4bbccfd4996cb3dc -> 
  custom:container-muxer-webm: aa71ff27fc2769a1b78a27578f13a17b -> 
  custom:container-demuxer-webm: 4f35f7cbe854078d1ac9338744f61a02 -> 
  custom:container-demuxer-ogg: 62fdf1f143b41e24485cea50d1cbac27 -> 
  custom:video-encoder-webm-vp8: eb34c28f22e8b96e1ab97ce403110664 -> 
  custom:video-decoder-webm-vp8: 9c59270c3fd7afecdb556c50c9e8de78 -> 
  custom:audio-decoder-ogg-vorbis: bf7c407c2cedff20999df2af8eb42d56 -> 
  custom:audio-encoder-webm-vorbis: bf7c407c2cedff20999df2af8eb42d56 -> 
========================================================================
Received Prepare
Registering precompiled user dll's ...
Registered in 0.003250 seconds.
Begin MonoManager ReloadAssembly
Native extension for WindowsStandalone target not found
Native extension for WebGL target not found
Refreshing native plugins compatible for Editor in 0.37 ms, found 2 plugins.
Preloading 0 native plugins for Editor in 0.00 ms.
Mono: successfully reloaded assembly
- Completed reload, in  0.809 seconds
Platform modules already initialized, skipping
Refreshing native plugins compatible for Editor in 0.37 ms, found 2 plugins.
Preloading 0 native plugins for Editor in 0.00 ms.
Unloading 2080 Unused Serialized files (Serialized files now loaded: 0)
System memory in use before: 112.2 MB.
System memory in use after: 112.3 MB.

Unloading 15 unused Assets to reduce memory usage. Loaded Objects now: 2602.
Total: 2.086600 ms (FindLiveObjects: 0.136500 ms CreateObjectMapping: 0.033400 ms MarkObjects: 1.864100 ms  DeleteObjects: 0.051700 ms)

AssetImportParameters requested are different than current active one (requested -> active):
  custom:framework-win-MediaFoundation: 216162199b28c13a410421893ffa2e32 -> 
  custom:video-decoder-ogg-theora: a1e56fd34408186e4bbccfd4996cb3dc -> 
  custom:container-muxer-webm: aa71ff27fc2769a1b78a27578f13a17b -> 
  custom:container-demuxer-webm: 4f35f7cbe854078d1ac9338744f61a02 -> 
  custom:container-demuxer-ogg: 62fdf1f143b41e24485cea50d1cbac27 -> 
  custom:video-encoder-webm-vp8: eb34c28f22e8b96e1ab97ce403110664 -> 
  custom:video-decoder-webm-vp8: 9c59270c3fd7afecdb556c50c9e8de78 -> 
  custom:audio-decoder-ogg-vorbis: bf7c407c2cedff20999df2af8eb42d56 -> 
  custom:audio-encoder-webm-vorbis: bf7c407c2cedff20999df2af8eb42d56 -> 
========================================================================
Received Prepare
Registering precompiled user dll's ...
Registered in 0.003158 seconds.
Begin MonoManager ReloadAssembly
Native extension for WindowsStandalone target not found
Native extension for WebGL target not found
Refreshing native plugins compatible for Editor in 0.37 ms, found 2 plugins.
Preloading 0 native plugins for Editor in 0.00 ms.
Mono: successfully reloaded assembly
- Completed reload, in  0.808 seconds
Platform modules already initialized, skipping
Refreshing native plugins compatible for Editor in 0.36 ms, found 2 plugins.
Preloading 0 native plugins for Editor in 0.00 ms.
Unloading 2080 Unused Serialized files (Serialized files now loaded: 0)
System memory in use before: 112.2 MB.
System memory in use after: 112.3 MB.

Unloading 15 unused Assets to reduce memory usage. Loaded Objects now: 2605.
Total: 2.160900 ms (FindLiveObjects: 0.163000 ms CreateObjectMapping: 0.038000 ms MarkObjects: 1.907000 ms  DeleteObjects: 0.051900 ms)

AssetImportParameters requested are different than current active one (requested -> active):
  custom:framework-win-MediaFoundation: 216162199b28c13a410421893ffa2e32 -> 
  custom:video-decoder-ogg-theora: a1e56fd34408186e4bbccfd4996cb3dc -> 
  custom:container-muxer-webm: aa71ff27fc2769a1b78a27578f13a17b -> 
  custom:container-demuxer-webm: 4f35f7cbe854078d1ac9338744f61a02 -> 
  custom:container-demuxer-ogg: 62fdf1f143b41e24485cea50d1cbac27 -> 
  custom:video-encoder-webm-vp8: eb34c28f22e8b96e1ab97ce403110664 -> 
  custom:video-decoder-webm-vp8: 9c59270c3fd7afecdb556c50c9e8de78 -> 
  custom:audio-decoder-ogg-vorbis: bf7c407c2cedff20999df2af8eb42d56 -> 
  custom:audio-encoder-webm-vorbis: bf7c407c2cedff20999df2af8eb42d56 -> 
========================================================================
Received Prepare
Registering precompiled user dll's ...
Registered in 0.002940 seconds.
Begin MonoManager ReloadAssembly
Native extension for WindowsStandalone target not found
Native extension for WebGL target not found
Refreshing native plugins compatible for Editor in 0.39 ms, found 2 plugins.
Preloading 0 native plugins for Editor in 0.00 ms.
Mono: successfully reloaded assembly
- Completed reload, in  0.788 seconds
Platform modules already initialized, skipping
Refreshing native plugins compatible for Editor in 0.36 ms, found 2 plugins.
Preloading 0 native plugins for Editor in 0.00 ms.
Unloading 2080 Unused Serialized files (Serialized files now loaded: 0)
System memory in use before: 112.2 MB.
System memory in use after: 112.3 MB.

Unloading 15 unused Assets to reduce memory usage. Loaded Objects now: 2608.
Total: 2.272600 ms (FindLiveObjects: 0.143300 ms CreateObjectMapping: 0.039600 ms MarkObjects: 2.036600 ms  DeleteObjects: 0.051800 ms)

AssetImportParameters requested are different than current active one (requested -> active):
  custom:framework-win-MediaFoundation: 216162199b28c13a410421893ffa2e32 -> 
  custom:video-decoder-ogg-theora: a1e56fd34408186e4bbccfd4996cb3dc -> 
  custom:container-muxer-webm: aa71ff27fc2769a1b78a27578f13a17b -> 
  custom:container-demuxer-webm: 4f35f7cbe854078d1ac9338744f61a02 -> 
  custom:container-demuxer-ogg: 62fdf1f143b41e24485cea50d1cbac27 -> 
  custom:video-encoder-webm-vp8: eb34c28f22e8b96e1ab97ce403110664 -> 
  custom:video-decoder-webm-vp8: 9c59270c3fd7afecdb556c50c9e8de78 -> 
  custom:audio-decoder-ogg-vorbis: bf7c407c2cedff20999df2af8eb42d56 -> 
  custom:audio-encoder-webm-vorbis: bf7c407c2cedff20999df2af8eb42d56 -> 
========================================================================
Received Import Request.
  Time since last request: 744.111966 seconds.
  path: Assets/Dinosaur/OverrideControllers/AttackToJumpOverride.overrideController
  artifactKey: Guid(ae74be73724185c4283b1e63d114d41f) Importer(815301076,1909f56bfc062723c751e8b465ee728b)
Start importing Assets/Dinosaur/OverrideControllers/AttackToJumpOverride.overrideController using Guid(ae74be73724185c4283b1e63d114d41f) Importer(815301076,1909f56bfc062723c751e8b465ee728b)  -> (artifact id: '123f39f3e162f082e041074628f703f0') in 0.026366 seconds 
  Import took 0.030122 seconds .

========================================================================
Received Prepare
Registering precompiled user dll's ...
Registered in 0.002848 seconds.
Begin MonoManager ReloadAssembly
Native extension for WindowsStandalone target not found
Native extension for WebGL target not found
Refreshing native plugins compatible for Editor in 0.43 ms, found 2 plugins.
Preloading 0 native plugins for Editor in 0.00 ms.
Mono: successfully reloaded assembly
- Completed reload, in  0.825 seconds
Platform modules already initialized, skipping
Refreshing native plugins compatible for Editor in 0.42 ms, found 2 plugins.
Preloading 0 native plugins for Editor in 0.00 ms.
Unloading 2080 Unused Serialized files (Serialized files now loaded: 0)
System memory in use before: 112.2 MB.
System memory in use after: 112.3 MB.

Unloading 15 unused Assets to reduce memory usage. Loaded Objects now: 2611.
Total: 2.308200 ms (FindLiveObjects: 0.160700 ms CreateObjectMapping: 0.043800 ms MarkObjects: 2.049500 ms  DeleteObjects: 0.053200 ms)

AssetImportParameters requested are different than current active one (requested -> active):
  custom:framework-win-MediaFoundation: 216162199b28c13a410421893ffa2e32 -> 
  custom:video-decoder-ogg-theora: a1e56fd34408186e4bbccfd4996cb3dc -> 
  custom:container-muxer-webm: aa71ff27fc2769a1b78a27578f13a17b -> 
  custom:container-demuxer-webm: 4f35f7cbe854078d1ac9338744f61a02 -> 
  custom:container-demuxer-ogg: 62fdf1f143b41e24485cea50d1cbac27 -> 
  custom:video-encoder-webm-vp8: eb34c28f22e8b96e1ab97ce403110664 -> 
  custom:video-decoder-webm-vp8: 9c59270c3fd7afecdb556c50c9e8de78 -> 
  custom:audio-decoder-ogg-vorbis: bf7c407c2cedff20999df2af8eb42d56 -> 
  custom:audio-encoder-webm-vorbis: bf7c407c2cedff20999df2af8eb42d56 -> 
========================================================================
Received Prepare
Registering precompiled user dll's ...
Registered in 0.003024 seconds.
Begin MonoManager ReloadAssembly
Native extension for WindowsStandalone target not found
Native extension for WebGL target not found
Refreshing native plugins compatible for Editor in 0.37 ms, found 2 plugins.
Preloading 0 native plugins for Editor in 0.00 ms.
Mono: successfully reloaded assembly
- Completed reload, in  0.818 seconds
Platform modules already initialized, skipping
Refreshing native plugins compatible for Editor in 0.36 ms, found 2 plugins.
Preloading 0 native plugins for Editor in 0.00 ms.
Unloading 2080 Unused Serialized files (Serialized files now loaded: 0)
System memory in use before: 112.2 MB.
System memory in use after: 112.3 MB.

Unloading 15 unused Assets to reduce memory usage. Loaded Objects now: 2614.
Total: 2.085200 ms (FindLiveObjects: 0.141000 ms CreateObjectMapping: 0.035000 ms MarkObjects: 1.859500 ms  DeleteObjects: 0.048700 ms)

AssetImportParameters requested are different than current active one (requested -> active):
  custom:framework-win-MediaFoundation: 216162199b28c13a410421893ffa2e32 -> 
  custom:video-decoder-ogg-theora: a1e56fd34408186e4bbccfd4996cb3dc -> 
  custom:container-muxer-webm: aa71ff27fc2769a1b78a27578f13a17b -> 
  custom:container-demuxer-webm: 4f35f7cbe854078d1ac9338744f61a02 -> 
  custom:container-demuxer-ogg: 62fdf1f143b41e24485cea50d1cbac27 -> 
  custom:video-encoder-webm-vp8: eb34c28f22e8b96e1ab97ce403110664 -> 
  custom:video-decoder-webm-vp8: 9c59270c3fd7afecdb556c50c9e8de78 -> 
  custom:audio-decoder-ogg-vorbis: bf7c407c2cedff20999df2af8eb42d56 -> 
  custom:audio-encoder-webm-vorbis: bf7c407c2cedff20999df2af8eb42d56 -> 
========================================================================
Received Import Request.
  Time since last request: 180.078215 seconds.
  path: Assets/Dinosaur/AnimatorControllers/AttackToJump.controller
  artifactKey: Guid(37aa778c7ed178f4384331616450d859) Importer(815301076,1909f56bfc062723c751e8b465ee728b)
Start importing Assets/Dinosaur/AnimatorControllers/AttackToJump.controller using Guid(37aa778c7ed178f4384331616450d859) Importer(815301076,1909f56bfc062723c751e8b465ee728b)  -> (artifact id: 'acc9a0d06a014136250d85e1101aa0d3') in 0.017133 seconds 
  Import took 0.020028 seconds .

========================================================================
Received Import Request.
  Time since last request: 34.487882 seconds.
  path: Assets/Dinosaur/AnimatorControllers/AttackToJump.controller
  artifactKey: Guid(37aa778c7ed178f4384331616450d859) Importer(815301076,1909f56bfc062723c751e8b465ee728b)
Start importing Assets/Dinosaur/AnimatorControllers/AttackToJump.controller using Guid(37aa778c7ed178f4384331616450d859) Importer(815301076,1909f56bfc062723c751e8b465ee728b)  -> (artifact id: 'bd88ff2a19f9fa105bd08bc02fcdb994') in 0.004797 seconds 
  Import took 0.007900 seconds .

========================================================================
Received Prepare
Registering precompiled user dll's ...
Registered in 0.003164 seconds.
Begin MonoManager ReloadAssembly
Native extension for WindowsStandalone target not found
Native extension for WebGL target not found
Refreshing native plugins compatible for Editor in 0.37 ms, found 2 plugins.
Preloading 0 native plugins for Editor in 0.00 ms.
Mono: successfully reloaded assembly
- Completed reload, in  0.808 seconds
Platform modules already initialized, skipping
Refreshing native plugins compatible for Editor in 0.50 ms, found 2 plugins.
Preloading 0 native plugins for Editor in 0.00 ms.
Unloading 2080 Unused Serialized files (Serialized files now loaded: 0)
System memory in use before: 112.3 MB.
System memory in use after: 112.4 MB.

Unloading 15 unused Assets to reduce memory usage. Loaded Objects now: 2617.
Total: 2.283100 ms (FindLiveObjects: 0.151700 ms CreateObjectMapping: 0.033400 ms MarkObjects: 2.040400 ms  DeleteObjects: 0.056300 ms)

AssetImportParameters requested are different than current active one (requested -> active):
  custom:framework-win-MediaFoundation: 216162199b28c13a410421893ffa2e32 -> 
  custom:video-decoder-ogg-theora: a1e56fd34408186e4bbccfd4996cb3dc -> 
  custom:container-muxer-webm: aa71ff27fc2769a1b78a27578f13a17b -> 
  custom:container-demuxer-webm: 4f35f7cbe854078d1ac9338744f61a02 -> 
  custom:container-demuxer-ogg: 62fdf1f143b41e24485cea50d1cbac27 -> 
  custom:video-encoder-webm-vp8: eb34c28f22e8b96e1ab97ce403110664 -> 
  custom:video-decoder-webm-vp8: 9c59270c3fd7afecdb556c50c9e8de78 -> 
  custom:audio-decoder-ogg-vorbis: bf7c407c2cedff20999df2af8eb42d56 -> 
  custom:audio-encoder-webm-vorbis: bf7c407c2cedff20999df2af8eb42d56 -> 
========================================================================
Received Import Request.
  Time since last request: 225.326693 seconds.
  path: Assets/Dinosaur/OverrideControllers/JumpOverride.overrideController
  artifactKey: Guid(561235eec4606624fb937b6c445aea6b) Importer(815301076,1909f56bfc062723c751e8b465ee728b)
Start importing Assets/Dinosaur/OverrideControllers/JumpOverride.overrideController using Guid(561235eec4606624fb937b6c445aea6b) Importer(815301076,1909f56bfc062723c751e8b465ee728b)  -> (artifact id: '2136b3dc2afe851050d96a4593352105') in 0.018815 seconds 
  Import took 0.022093 seconds .

========================================================================
Received Import Request.
  Time since last request: 0.000208 seconds.
  path: Assets/Dinosaur/OverrideControllers/AttackToJumpOverride.overrideController
  artifactKey: Guid(ae74be73724185c4283b1e63d114d41f) Importer(815301076,1909f56bfc062723c751e8b465ee728b)
Start importing Assets/Dinosaur/OverrideControllers/AttackToJumpOverride.overrideController using Guid(ae74be73724185c4283b1e63d114d41f) Importer(815301076,1909f56bfc062723c751e8b465ee728b)  -> (artifact id: '63069f02cd13db9ae017d8f8f270dd98') in 0.004786 seconds 
  Import took 0.007653 seconds .

========================================================================
Received Import Request.
  Time since last request: 0.000219 seconds.
  path: Assets/Dinosaur/OverrideControllers/WalkOverrideController.overrideController
  artifactKey: Guid(eaaca83346eb81548a6549608f17aaa6) Importer(815301076,1909f56bfc062723c751e8b465ee728b)
Start importing Assets/Dinosaur/OverrideControllers/WalkOverrideController.overrideController using Guid(eaaca83346eb81548a6549608f17aaa6) Importer(815301076,1909f56bfc062723c751e8b465ee728b)  -> (artifact id: 'c3f786513f4bc063e545f948fafdcf01') in 0.007015 seconds 
  Import took 0.009720 seconds .

========================================================================
Received Import Request.
  Time since last request: 0.000243 seconds.
  path: Assets/Dinosaur/OverrideControllers/RunOverrideController.overrideController
  artifactKey: Guid(e616432463b610b4280e7d9417678976) Importer(815301076,1909f56bfc062723c751e8b465ee728b)
Start importing Assets/Dinosaur/OverrideControllers/RunOverrideController.overrideController using Guid(e616432463b610b4280e7d9417678976) Importer(815301076,1909f56bfc062723c751e8b465ee728b)  -> (artifact id: '3005f677ae8b21ebcb78bb5841e32189') in 0.006913 seconds 
  Import took 0.009776 seconds .

========================================================================
Received Import Request.
  Time since last request: 0.000183 seconds.
  path: Assets/Dinosaur/OverrideControllers/RoarOverride.overrideController
  artifactKey: Guid(001075800754ee345a3fb058df160fca) Importer(815301076,1909f56bfc062723c751e8b465ee728b)
Start importing Assets/Dinosaur/OverrideControllers/RoarOverride.overrideController using Guid(001075800754ee345a3fb058df160fca) Importer(815301076,1909f56bfc062723c751e8b465ee728b)  -> (artifact id: '86fa69b73ff6a9bc9e2f46d2a9294c14') in 0.007726 seconds 
  Import took 0.010707 seconds .

========================================================================
Received Prepare
Registering precompiled user dll's ...
Registered in 0.003054 seconds.
Begin MonoManager ReloadAssembly
Native extension for WindowsStandalone target not found
Native extension for WebGL target not found
Refreshing native plugins compatible for Editor in 0.42 ms, found 2 plugins.
Preloading 0 native plugins for Editor in 0.00 ms.
Mono: successfully reloaded assembly
- Completed reload, in  0.812 seconds
Platform modules already initialized, skipping
Refreshing native plugins compatible for Editor in 0.36 ms, found 2 plugins.
Preloading 0 native plugins for Editor in 0.00 ms.
Unloading 2080 Unused Serialized files (Serialized files now loaded: 0)
System memory in use before: 112.3 MB.
System memory in use after: 112.4 MB.

Unloading 15 unused Assets to reduce memory usage. Loaded Objects now: 2620.
Total: 2.167800 ms (FindLiveObjects: 0.136700 ms CreateObjectMapping: 0.034300 ms MarkObjects: 1.925500 ms  DeleteObjects: 0.070400 ms)

AssetImportParameters requested are different than current active one (requested -> active):
  custom:framework-win-MediaFoundation: 216162199b28c13a410421893ffa2e32 -> 
  custom:video-decoder-ogg-theora: a1e56fd34408186e4bbccfd4996cb3dc -> 
  custom:container-muxer-webm: aa71ff27fc2769a1b78a27578f13a17b -> 
  custom:container-demuxer-webm: 4f35f7cbe854078d1ac9338744f61a02 -> 
  custom:container-demuxer-ogg: 62fdf1f143b41e24485cea50d1cbac27 -> 
  custom:video-encoder-webm-vp8: eb34c28f22e8b96e1ab97ce403110664 -> 
  custom:video-decoder-webm-vp8: 9c59270c3fd7afecdb556c50c9e8de78 -> 
  custom:audio-decoder-ogg-vorbis: bf7c407c2cedff20999df2af8eb42d56 -> 
  custom:audio-encoder-webm-vorbis: bf7c407c2cedff20999df2af8eb42d56 -> 
AssetImportWorkerClient::OnTransportError - code=2 error=End of file
