Using pre-set license
Built from '2020.3/staging' branch; Version is '2020.3.13f1 (71691879b7f5) revision 7432472'; Using compiler version '192528614'; Build Type 'Release'
OS: 'Windows 10 Home; OS build 22000.613; Version 2009; 64bit' Language: 'en' Physical Memory: 16196 MB
BatchMode: 1, IsHumanControllingUs: 0, StartBugReporterOnCrash: 0, Is64bit: 1, IsPro: 0

 COMMAND LINE ARGUMENTS:
D:\UNITY\2020.3.13f1\Editor\Unity.exe
-adb2
-batchMode
-noUpm
-name
AssetImportWorker0
-projectPath
D:/UNITY PROJECTS/achilles/Achilleus-Rex/AchilleusRex3
-logFile
Logs/AssetImportWorker0.log
-srvPort
57888
Successfully changed project path to: D:/UNITY PROJECTS/achilles/Achilleus-Rex/AchilleusRex3
D:/UNITY PROJECTS/achilles/Achilleus-Rex/AchilleusRex3
Using Asset Import Pipeline V2.
Refreshing native plugins compatible for Editor in 40.69 ms, found 2 plugins.
Preloading 0 native plugins for Editor in 0.00 ms.
Initialize engine version: 2020.3.13f1 (71691879b7f5)
[Subsystems] Discovering subsystems at path D:/UNITY/2020.3.13f1/Editor/Data/Resources/UnitySubsystems
[Subsystems] Discovering subsystems at path D:/UNITY PROJECTS/achilles/Achilleus-Rex/AchilleusRex3/Assets
GfxDevice: creating device client; threaded=0
Direct3D:
    Version:  Direct3D 11.0 [level 11.1]
    Renderer: NVIDIA GeForce RTX 2070 with Max-Q Design (ID=0x1f10)
    Vendor:   
    VRAM:     8031 MB
    Driver:   30.0.15.1179
Initialize mono
Mono path[0] = 'D:/UNITY/2020.3.13f1/Editor/Data/Managed'
Mono path[1] = 'D:/UNITY/2020.3.13f1/Editor/Data/MonoBleedingEdge/lib/mono/unityjit'
Mono config path = 'D:/UNITY/2020.3.13f1/Editor/Data/MonoBleedingEdge/etc'
Using monoOptions --debugger-agent=transport=dt_socket,embedding=1,server=y,suspend=n,address=127.0.0.1:56640
Begin MonoManager ReloadAssembly
Registering precompiled unity dll's ...
Register platform support module: D:/UNITY/2020.3.13f1/Editor/Data/PlaybackEngines/WindowsStandaloneSupport/UnityEditor.WindowsStandalone.Extensions.dll
Registered in 0.000963 seconds.
Native extension for WindowsStandalone target not found
Refreshing native plugins compatible for Editor in 34.77 ms, found 2 plugins.
Preloading 0 native plugins for Editor in 0.00 ms.
Mono: successfully reloaded assembly
- Completed reload, in  1.150 seconds
Platform modules already initialized, skipping
Registering precompiled user dll's ...
Registered in 0.003748 seconds.
Begin MonoManager ReloadAssembly
Native extension for WindowsStandalone target not found
Refreshing native plugins compatible for Editor in 54.48 ms, found 2 plugins.
Preloading 0 native plugins for Editor in 0.00 ms.
Mono: successfully reloaded assembly
- Completed reload, in  2.027 seconds
Platform modules already initialized, skipping
========================================================================
Worker process is ready to serve import requests
Launched and connected shader compiler UnityShaderCompiler.exe after 0.04 seconds
Refreshing native plugins compatible for Editor in 0.37 ms, found 2 plugins.
Preloading 0 native plugins for Editor in 0.00 ms.
Unloading 2086 Unused Serialized files (Serialized files now loaded: 0)
System memory in use before: 94.8 MB.
System memory in use after: 94.9 MB.

Unloading 21 unused Assets to reduce memory usage. Loaded Objects now: 2521.
Total: 2.369200 ms (FindLiveObjects: 0.164000 ms CreateObjectMapping: 0.068100 ms MarkObjects: 2.075200 ms  DeleteObjects: 0.061000 ms)

AssetImportParameters requested are different than current active one (requested -> active):
  custom:framework-win-MediaFoundation: 216162199b28c13a410421893ffa2e32 -> 
  custom:video-decoder-ogg-theora: a1e56fd34408186e4bbccfd4996cb3dc -> 
  custom:container-muxer-webm: aa71ff27fc2769a1b78a27578f13a17b -> 
  custom:container-demuxer-webm: 4f35f7cbe854078d1ac9338744f61a02 -> 
  custom:container-demuxer-ogg: 62fdf1f143b41e24485cea50d1cbac27 -> 
  custom:video-encoder-webm-vp8: eb34c28f22e8b96e1ab97ce403110664 -> 
  custom:video-codec-MediaFoundation-h265: 746d11721c4dcdbdad8f713fa42b33f4 -> 
  custom:video-decoder-webm-vp8: 9c59270c3fd7afecdb556c50c9e8de78 -> 
  custom:audio-decoder-ogg-vorbis: bf7c407c2cedff20999df2af8eb42d56 -> 
  custom:audio-encoder-webm-vorbis: bf7c407c2cedff20999df2af8eb42d56 -> 
========================================================================
Received Import Request.
  path: Assets/paladin_j_nordstrom@Jump.fbx
  artifactKey: Guid(3888a364cde700e4abecf3e68ab73de6) Importer(815301076,1909f56bfc062723c751e8b465ee728b)
Start importing Assets/paladin_j_nordstrom@Jump.fbx using Guid(3888a364cde700e4abecf3e68ab73de6) Importer(815301076,1909f56bfc062723c751e8b465ee728b)  -> (artifact id: '46b479b1aac6b1fc31e934bba75819d9') in 0.745557 seconds 
  Import took 0.749314 seconds .

========================================================================
Received Import Request.
  Time since last request: 0.000539 seconds.
  path: Assets/PlayerInput.inputactions
  artifactKey: Guid(7267e5448d666754e95858bd822265b4) Importer(815301076,1909f56bfc062723c751e8b465ee728b)
Start importing Assets/PlayerInput.inputactions using Guid(7267e5448d666754e95858bd822265b4) Importer(815301076,1909f56bfc062723c751e8b465ee728b)  -> (artifact id: 'e06f8dda36303a83ccb981cb04a6b30d') in 0.016105 seconds 
  Import took 0.020223 seconds .

========================================================================
Received Import Request.
  Time since last request: 0.000236 seconds.
  path: Assets/paladin_j_nordstrom@Jumping.fbx
  artifactKey: Guid(2d8b8c45359e51e4fa6be1e8b470ebc9) Importer(815301076,1909f56bfc062723c751e8b465ee728b)
Start importing Assets/paladin_j_nordstrom@Jumping.fbx using Guid(2d8b8c45359e51e4fa6be1e8b470ebc9) Importer(815301076,1909f56bfc062723c751e8b465ee728b)  -> (artifact id: 'c769b2a0d2ba7bd6ffe05b2e89d4e4f1') in 0.037819 seconds 
  Import took 0.041095 seconds .

========================================================================
Received Import Request.
  Time since last request: 0.000282 seconds.
  path: Assets/paladin_j_nordstrom@Standard Walk.fbx
  artifactKey: Guid(4015c62500ddcb54dbd572be57c66f1e) Importer(815301076,1909f56bfc062723c751e8b465ee728b)
Start importing Assets/paladin_j_nordstrom@Standard Walk.fbx using Guid(4015c62500ddcb54dbd572be57c66f1e) Importer(815301076,1909f56bfc062723c751e8b465ee728b)  -> (artifact id: '4e613bf73df6102e545371052b53dee5') in 0.035498 seconds 
  Import took 0.038554 seconds .

========================================================================
Received Import Request.
  Time since last request: 0.000249 seconds.
  path: Assets/paladin_j_nordstrom@Standard Run (1).fbx
  artifactKey: Guid(38b19821037da7c47bf00c57f7dc6c37) Importer(815301076,1909f56bfc062723c751e8b465ee728b)
Start importing Assets/paladin_j_nordstrom@Standard Run (1).fbx using Guid(38b19821037da7c47bf00c57f7dc6c37) Importer(815301076,1909f56bfc062723c751e8b465ee728b)  -> (artifact id: 'fcbf7bb4ec94f5e779294fa8bd5155cb') in 0.040663 seconds 
  Import took 0.044849 seconds .

========================================================================
Received Import Request.
  Time since last request: 0.000254 seconds.
  path: Assets/paladin_j_nordstrom@Idle (4).fbx
  artifactKey: Guid(b1fdbff0613eda84ab0876edb2ec29b3) Importer(815301076,1909f56bfc062723c751e8b465ee728b)
Start importing Assets/paladin_j_nordstrom@Idle (4).fbx using Guid(b1fdbff0613eda84ab0876edb2ec29b3) Importer(815301076,1909f56bfc062723c751e8b465ee728b)  -> (artifact id: 'c864a038ef2149297e09cee03acf0b11') in 0.045378 seconds 
  Import took 0.048975 seconds .

AssetImportWorkerClient::OnTransportError - code=2 error=End of file
